<?xml version="1.0" encoding="UTF-8"?>
<coverage generated="1533995844141" clover="3.2.0">
  <project timestamp="1533995844141" name="All files">
    <metrics statements="57" coveredstatements="56" conditionals="2" coveredconditionals="1" methods="15" coveredmethods="14" elements="74" coveredelements="71" complexity="0" loc="57" ncloc="57" packages="4" files="9" classes="9">
      <package name="jest-api-testing">
        <metrics statements="20" coveredstatements="19" conditionals="2" coveredconditionals="1" methods="3" coveredmethods="2"/>
        <file name="server.js" path="/Users/maciejwojslaw/Documents/Projects/jest-api-testing/server.js">
          <metrics statements="20" coveredstatements="19" conditionals="2" coveredconditionals="1" methods="3" coveredmethods="2"/>
          <line num="1" count="1" type="stmt"/>
          <line num="2" count="1" type="stmt"/>
          <line num="3" count="1" type="stmt"/>
          <line num="4" count="1" type="stmt"/>
          <line num="5" count="1" type="stmt"/>
          <line num="6" count="1" type="stmt"/>
          <line num="7" count="1" type="stmt"/>
          <line num="8" count="1" type="stmt"/>
          <line num="10" count="1" type="stmt"/>
          <line num="11" count="2" type="stmt"/>
          <line num="13" count="2" type="stmt"/>
          <line num="18" count="2" type="stmt"/>
          <line num="20" count="1" type="stmt"/>
          <line num="22" count="1" type="cond" truecount="1" falsecount="1"/>
          <line num="24" count="1" type="stmt"/>
          <line num="28" count="2" type="stmt"/>
          <line num="34" count="2" type="stmt"/>
          <line num="35" count="0" type="stmt"/>
          <line num="40" count="2" type="stmt"/>
          <line num="43" count="1" type="stmt"/>
        </file>
      </package>
      <package name="jest-api-testing.src.components.movie">
        <metrics statements="10" coveredstatements="10" conditionals="0" coveredconditionals="0" methods="3" coveredmethods="3"/>
        <file name="index.js" path="/Users/maciejwojslaw/Documents/Projects/jest-api-testing/src/components/movie/index.js">
          <metrics statements="2" coveredstatements="2" conditionals="0" coveredconditionals="0" methods="0" coveredmethods="0"/>
          <line num="1" count="1" type="stmt"/>
          <line num="3" count="1" type="stmt"/>
        </file>
        <file name="movieController.js" path="/Users/maciejwojslaw/Documents/Projects/jest-api-testing/src/components/movie/movieController.js">
          <metrics statements="5" coveredstatements="5" conditionals="0" coveredconditionals="0" methods="2" coveredmethods="2"/>
          <line num="1" count="1" type="stmt"/>
          <line num="3" count="2" type="stmt"/>
          <line num="4" count="1" type="stmt"/>
          <line num="5" count="1" type="stmt"/>
          <line num="10" count="1" type="stmt"/>
        </file>
        <file name="movieDAL.js" path="/Users/maciejwojslaw/Documents/Projects/jest-api-testing/src/components/movie/movieDAL.js">
          <metrics statements="3" coveredstatements="3" conditionals="0" coveredconditionals="0" methods="1" coveredmethods="1"/>
          <line num="1" count="1" type="stmt"/>
          <line num="2" count="1" type="stmt"/>
          <line num="7" count="1" type="stmt"/>
        </file>
      </package>
      <package name="jest-api-testing.src.components.user">
        <metrics statements="2" coveredstatements="2" conditionals="0" coveredconditionals="0" methods="1" coveredmethods="1"/>
        <file name="userDAL.js" path="/Users/maciejwojslaw/Documents/Projects/jest-api-testing/src/components/user/userDAL.js">
          <metrics statements="2" coveredstatements="2" conditionals="0" coveredconditionals="0" methods="1" coveredmethods="1"/>
          <line num="1" count="2" type="stmt"/>
          <line num="3" count="1" type="stmt"/>
        </file>
      </package>
      <package name="jest-api-testing.src.utils">
        <metrics statements="25" coveredstatements="25" conditionals="0" coveredconditionals="0" methods="8" coveredmethods="8"/>
        <file name="asyncMiddleware.js" path="/Users/maciejwojslaw/Documents/Projects/jest-api-testing/src/utils/asyncMiddleware.js">
          <metrics statements="3" coveredstatements="3" conditionals="0" coveredconditionals="0" methods="2" coveredmethods="2"/>
          <line num="1" count="2" type="stmt"/>
          <line num="2" count="1" type="stmt"/>
          <line num="5" count="1" type="stmt"/>
        </file>
        <file name="authentication.js" path="/Users/maciejwojslaw/Documents/Projects/jest-api-testing/src/utils/authentication.js">
          <metrics statements="6" coveredstatements="6" conditionals="0" coveredconditionals="0" methods="1" coveredmethods="1"/>
          <line num="1" count="1" type="stmt"/>
          <line num="2" count="1" type="stmt"/>
          <line num="4" count="1" type="stmt"/>
          <line num="5" count="1" type="stmt"/>
          <line num="7" count="1" type="stmt"/>
          <line num="9" count="1" type="stmt"/>
        </file>
        <file name="mock.js" path="/Users/maciejwojslaw/Documents/Projects/jest-api-testing/src/utils/mock.js">
          <metrics statements="8" coveredstatements="8" conditionals="0" coveredconditionals="0" methods="2" coveredmethods="2"/>
          <line num="1" count="1" type="stmt"/>
          <line num="3" count="1" type="stmt"/>
          <line num="4" count="1" type="stmt"/>
          <line num="5" count="1" type="stmt"/>
          <line num="8" count="1" type="stmt"/>
          <line num="9" count="1" type="stmt"/>
          <line num="10" count="1" type="stmt"/>
          <line num="13" count="1" type="stmt"/>
        </file>
        <file name="seed.js" path="/Users/maciejwojslaw/Documents/Projects/jest-api-testing/src/utils/seed.js">
          <metrics statements="8" coveredstatements="8" conditionals="0" coveredconditionals="0" methods="3" coveredmethods="3"/>
          <line num="1" count="1" type="stmt"/>
          <line num="2" count="1" type="stmt"/>
          <line num="13" count="1" type="stmt"/>
          <line num="14" count="1" type="stmt"/>
          <line num="22" count="1" type="stmt"/>
          <line num="23" count="1" type="stmt"/>
          <line num="24" count="1" type="stmt"/>
          <line num="27" count="1" type="stmt"/>
        </file>
      </package>
    </metrics>
  </project>
</coverage>
