{"/Users/maciejwojslaw/Documents/Projects/jest-api-testing/server.js": {"path":"/Users/maciejwojslaw/Documents/Projects/jest-api-testing/server.js","statementMap":{"0":{"start":{"line":1,"column":16},"end":{"line":1,"column":34}},"1":{"start":{"line":2,"column":28},"end":{"line":2,"column":61}},"2":{"start":{"line":3,"column":24},"end":{"line":3,"column":62}},"3":{"start":{"line":5,"column":21},"end":{"line":17,"column":1}},"4":{"start":{"line":6,"column":17},"end":{"line":6,"column":26}},"5":{"start":{"line":8,"column":2},"end":{"line":8,"column":75}},"6":{"start":{"line":10,"column":2},"end":{"line":14,"column":5}},"7":{"start":{"line":11,"column":4},"end":{"line":13,"column":7}},"8":{"start":{"line":16,"column":2},"end":{"line":16,"column":16}},"9":{"start":{"line":19,"column":0},"end":{"line":19,"column":30}}},"fnMap":{"0":{"name":"(anonymous_0)","decl":{"start":{"line":5,"column":21},"end":{"line":5,"column":22}},"loc":{"start":{"line":5,"column":30},"end":{"line":17,"column":1}},"line":5},"1":{"name":"(anonymous_1)","decl":{"start":{"line":10,"column":13},"end":{"line":10,"column":14}},"loc":{"start":{"line":10,"column":40},"end":{"line":14,"column":3}},"line":10}},"branchMap":{},"s":{"0":1,"1":1,"2":1,"3":1,"4":1,"5":1,"6":1,"7":0,"8":1,"9":1},"f":{"0":1,"1":0},"b":{},"_coverageSchema":"332fd63041d2c1bcb487cc26dd0d5f7d97098a6c","hash":"ca050bbe332a96578b0bc8be8b6866726bdfdf76"}
,"/Users/maciejwojslaw/Documents/Projects/jest-api-testing/src/components/movie/index.js": {"path":"/Users/maciejwojslaw/Documents/Projects/jest-api-testing/src/components/movie/index.js","statementMap":{"0":{"start":{"line":1,"column":24},"end":{"line":1,"column":52}},"1":{"start":{"line":3,"column":0},"end":{"line":5,"column":2}}},"fnMap":{},"branchMap":{},"s":{"0":1,"1":1},"f":{},"b":{},"_coverageSchema":"332fd63041d2c1bcb487cc26dd0d5f7d97098a6c","hash":"3cbc5738c1a547738833d930e73c514d9ec7b456"}
,"/Users/maciejwojslaw/Documents/Projects/jest-api-testing/src/components/movie/movieController.js": {"path":"/Users/maciejwojslaw/Documents/Projects/jest-api-testing/src/components/movie/movieController.js","statementMap":{"0":{"start":{"line":1,"column":36},"end":{"line":1,"column":57}},"1":{"start":{"line":3,"column":18},"end":{"line":8,"column":1}},"2":{"start":{"line":3,"column":24},"end":{"line":8,"column":1}},"3":{"start":{"line":4,"column":17},"end":{"line":4,"column":41}},"4":{"start":{"line":5,"column":2},"end":{"line":7,"column":5}},"5":{"start":{"line":10,"column":0},"end":{"line":12,"column":2}}},"fnMap":{"0":{"name":"(anonymous_0)","decl":{"start":{"line":3,"column":18},"end":{"line":3,"column":19}},"loc":{"start":{"line":3,"column":24},"end":{"line":8,"column":1}},"line":3},"1":{"name":"(anonymous_1)","decl":{"start":{"line":3,"column":24},"end":{"line":3,"column":25}},"loc":{"start":{"line":3,"column":44},"end":{"line":8,"column":1}},"line":3}},"branchMap":{},"s":{"0":1,"1":1,"2":1,"3":1,"4":1,"5":1},"f":{"0":1,"1":1},"b":{},"_coverageSchema":"332fd63041d2c1bcb487cc26dd0d5f7d97098a6c","hash":"364af98754de872824ffa19a50fbd529096b1736"}
,"/Users/maciejwojslaw/Documents/Projects/jest-api-testing/src/components/movie/movieDAL.js": {"path":"/Users/maciejwojslaw/Documents/Projects/jest-api-testing/src/components/movie/movieDAL.js","statementMap":{"0":{"start":{"line":1,"column":18},"end":{"line":5,"column":14}},"1":{"start":{"line":2,"column":2},"end":{"line":5,"column":14}},"2":{"start":{"line":7,"column":0},"end":{"line":9,"column":2}}},"fnMap":{"0":{"name":"(anonymous_0)","decl":{"start":{"line":1,"column":18},"end":{"line":1,"column":19}},"loc":{"start":{"line":2,"column":2},"end":{"line":5,"column":14}},"line":2}},"branchMap":{},"s":{"0":1,"1":1,"2":1},"f":{"0":1},"b":{},"_coverageSchema":"332fd63041d2c1bcb487cc26dd0d5f7d97098a6c","hash":"bedb6c05661976886d56b4d879839a986242367e"}
,"/Users/maciejwojslaw/Documents/Projects/jest-api-testing/src/utils/asyncMiddleware.js": {"path":"/Users/maciejwojslaw/Documents/Projects/jest-api-testing/src/utils/asyncMiddleware.js","statementMap":{"0":{"start":{"line":1,"column":24},"end":{"line":3,"column":1}},"1":{"start":{"line":1,"column":30},"end":{"line":3,"column":1}},"2":{"start":{"line":2,"column":2},"end":{"line":2,"column":50}},"3":{"start":{"line":5,"column":0},"end":{"line":5,"column":33}}},"fnMap":{"0":{"name":"(anonymous_0)","decl":{"start":{"line":1,"column":24},"end":{"line":1,"column":25}},"loc":{"start":{"line":1,"column":30},"end":{"line":3,"column":1}},"line":1},"1":{"name":"(anonymous_1)","decl":{"start":{"line":1,"column":30},"end":{"line":1,"column":31}},"loc":{"start":{"line":1,"column":50},"end":{"line":3,"column":1}},"line":1}},"branchMap":{},"s":{"0":1,"1":1,"2":1,"3":1},"f":{"0":1,"1":1},"b":{},"_coverageSchema":"332fd63041d2c1bcb487cc26dd0d5f7d97098a6c","hash":"aba32c595d0c86f6a7b76d7305747358a78ece27"}
,"/Users/maciejwojslaw/Documents/Projects/jest-api-testing/src/utils/mock.js": {"path":"/Users/maciejwojslaw/Documents/Projects/jest-api-testing/src/utils/mock.js","statementMap":{"0":{"start":{"line":1,"column":24},"end":{"line":1,"column":42}},"1":{"start":{"line":3,"column":27},"end":{"line":6,"column":1}},"2":{"start":{"line":4,"column":21},"end":{"line":4,"column":68}},"3":{"start":{"line":5,"column":2},"end":{"line":5,"column":20}},"4":{"start":{"line":8,"column":18},"end":{"line":11,"column":1}},"5":{"start":{"line":9,"column":13},"end":{"line":9,"column":58}},"6":{"start":{"line":10,"column":2},"end":{"line":10,"column":12}},"7":{"start":{"line":13,"column":0},"end":{"line":16,"column":2}}},"fnMap":{"0":{"name":"(anonymous_0)","decl":{"start":{"line":3,"column":27},"end":{"line":3,"column":28}},"loc":{"start":{"line":3,"column":39},"end":{"line":6,"column":1}},"line":3},"1":{"name":"(anonymous_1)","decl":{"start":{"line":8,"column":18},"end":{"line":8,"column":19}},"loc":{"start":{"line":8,"column":38},"end":{"line":11,"column":1}},"line":8}},"branchMap":{},"s":{"0":1,"1":1,"2":1,"3":1,"4":1,"5":1,"6":1,"7":1},"f":{"0":1,"1":1},"b":{},"_coverageSchema":"332fd63041d2c1bcb487cc26dd0d5f7d97098a6c","hash":"cc2008f237d1e3775cad219fb109c9fcc735f6ed"}
,"/Users/maciejwojslaw/Documents/Projects/jest-api-testing/src/utils/seed.js": {"path":"/Users/maciejwojslaw/Documents/Projects/jest-api-testing/src/utils/seed.js","statementMap":{"0":{"start":{"line":1,"column":19},"end":{"line":11,"column":4}},"1":{"start":{"line":2,"column":2},"end":{"line":11,"column":4}},"2":{"start":{"line":13,"column":13},"end":{"line":15,"column":1}},"3":{"start":{"line":14,"column":2},"end":{"line":14,"column":17}},"4":{"start":{"line":17,"column":0},"end":{"line":17,"column":22}}},"fnMap":{"0":{"name":"(anonymous_0)","decl":{"start":{"line":1,"column":19},"end":{"line":1,"column":20}},"loc":{"start":{"line":2,"column":2},"end":{"line":11,"column":4}},"line":2},"1":{"name":"(anonymous_1)","decl":{"start":{"line":13,"column":13},"end":{"line":13,"column":14}},"loc":{"start":{"line":13,"column":19},"end":{"line":15,"column":1}},"line":13}},"branchMap":{},"s":{"0":1,"1":1,"2":1,"3":1,"4":1},"f":{"0":1,"1":1},"b":{},"_coverageSchema":"332fd63041d2c1bcb487cc26dd0d5f7d97098a6c","hash":"e653f7c301d6b06c368ccf2f2cf18eea5f9394cb"}
}
