{"/Users/maciejwojslaw/Documents/Projects/jest-api-testing/server.js": {"path":"/Users/maciejwojslaw/Documents/Projects/jest-api-testing/server.js","statementMap":{"0":{"start":{"line":1,"column":16},"end":{"line":1,"column":34}},"1":{"start":{"line":2,"column":28},"end":{"line":2,"column":61}},"2":{"start":{"line":3,"column":24},"end":{"line":3,"column":64}},"3":{"start":{"line":4,"column":24},"end":{"line":4,"column":62}},"4":{"start":{"line":5,"column":17},"end":{"line":5,"column":36}},"5":{"start":{"line":6,"column":20},"end":{"line":6,"column":52}},"6":{"start":{"line":7,"column":19},"end":{"line":7,"column":53}},"7":{"start":{"line":8,"column":24},"end":{"line":8,"column":61}},"8":{"start":{"line":10,"column":21},"end":{"line":41,"column":1}},"9":{"start":{"line":11,"column":17},"end":{"line":11,"column":26}},"10":{"start":{"line":13,"column":21},"end":{"line":16,"column":3}},"11":{"start":{"line":18,"column":2},"end":{"line":26,"column":4}},"12":{"start":{"line":20,"column":19},"end":{"line":20,"column":57}},"13":{"start":{"line":22,"column":6},"end":{"line":22,"column":42}},"14":{"start":{"line":22,"column":17},"end":{"line":22,"column":42}},"15":{"start":{"line":24,"column":6},"end":{"line":24,"column":30}},"16":{"start":{"line":28,"column":2},"end":{"line":32,"column":4}},"17":{"start":{"line":34,"column":2},"end":{"line":38,"column":5}},"18":{"start":{"line":35,"column":4},"end":{"line":37,"column":7}},"19":{"start":{"line":40,"column":2},"end":{"line":40,"column":16}},"20":{"start":{"line":43,"column":0},"end":{"line":43,"column":30}}},"fnMap":{"0":{"name":"(anonymous_0)","decl":{"start":{"line":10,"column":21},"end":{"line":10,"column":22}},"loc":{"start":{"line":10,"column":30},"end":{"line":41,"column":1}},"line":10},"1":{"name":"(anonymous_1)","decl":{"start":{"line":19,"column":32},"end":{"line":19,"column":33}},"loc":{"start":{"line":19,"column":57},"end":{"line":25,"column":5}},"line":19},"2":{"name":"(anonymous_2)","decl":{"start":{"line":34,"column":13},"end":{"line":34,"column":14}},"loc":{"start":{"line":34,"column":40},"end":{"line":38,"column":3}},"line":34}},"branchMap":{"0":{"loc":{"start":{"line":22,"column":6},"end":{"line":22,"column":42}},"type":"if","locations":[{"start":{"line":22,"column":6},"end":{"line":22,"column":42}},{"start":{"line":22,"column":6},"end":{"line":22,"column":42}}],"line":22}},"s":{"0":1,"1":1,"2":1,"3":1,"4":1,"5":1,"6":1,"7":1,"8":1,"9":2,"10":2,"11":2,"12":1,"13":1,"14":0,"15":1,"16":2,"17":2,"18":0,"19":2,"20":1},"f":{"0":2,"1":1,"2":0},"b":{"0":[0,1]},"_coverageSchema":"332fd63041d2c1bcb487cc26dd0d5f7d97098a6c","hash":"2c01e66feea6312823e97b05e446b428a2c44d9c"}
,"/Users/maciejwojslaw/Documents/Projects/jest-api-testing/src/components/movie/index.js": {"path":"/Users/maciejwojslaw/Documents/Projects/jest-api-testing/src/components/movie/index.js","statementMap":{"0":{"start":{"line":1,"column":24},"end":{"line":1,"column":52}},"1":{"start":{"line":3,"column":0},"end":{"line":5,"column":2}}},"fnMap":{},"branchMap":{},"s":{"0":1,"1":1},"f":{},"b":{},"_coverageSchema":"332fd63041d2c1bcb487cc26dd0d5f7d97098a6c","hash":"3cbc5738c1a547738833d930e73c514d9ec7b456"}
,"/Users/maciejwojslaw/Documents/Projects/jest-api-testing/src/components/movie/movieController.js": {"path":"/Users/maciejwojslaw/Documents/Projects/jest-api-testing/src/components/movie/movieController.js","statementMap":{"0":{"start":{"line":1,"column":36},"end":{"line":1,"column":57}},"1":{"start":{"line":3,"column":18},"end":{"line":8,"column":1}},"2":{"start":{"line":3,"column":24},"end":{"line":8,"column":1}},"3":{"start":{"line":4,"column":17},"end":{"line":4,"column":41}},"4":{"start":{"line":5,"column":2},"end":{"line":7,"column":5}},"5":{"start":{"line":10,"column":0},"end":{"line":12,"column":2}}},"fnMap":{"0":{"name":"(anonymous_0)","decl":{"start":{"line":3,"column":18},"end":{"line":3,"column":19}},"loc":{"start":{"line":3,"column":24},"end":{"line":8,"column":1}},"line":3},"1":{"name":"(anonymous_1)","decl":{"start":{"line":3,"column":24},"end":{"line":3,"column":25}},"loc":{"start":{"line":3,"column":44},"end":{"line":8,"column":1}},"line":3}},"branchMap":{},"s":{"0":1,"1":1,"2":2,"3":1,"4":1,"5":1},"f":{"0":2,"1":1},"b":{},"_coverageSchema":"332fd63041d2c1bcb487cc26dd0d5f7d97098a6c","hash":"364af98754de872824ffa19a50fbd529096b1736"}
,"/Users/maciejwojslaw/Documents/Projects/jest-api-testing/src/components/movie/movieDAL.js": {"path":"/Users/maciejwojslaw/Documents/Projects/jest-api-testing/src/components/movie/movieDAL.js","statementMap":{"0":{"start":{"line":1,"column":18},"end":{"line":5,"column":14}},"1":{"start":{"line":2,"column":2},"end":{"line":5,"column":14}},"2":{"start":{"line":7,"column":0},"end":{"line":9,"column":2}}},"fnMap":{"0":{"name":"(anonymous_0)","decl":{"start":{"line":1,"column":18},"end":{"line":1,"column":19}},"loc":{"start":{"line":2,"column":2},"end":{"line":5,"column":14}},"line":2}},"branchMap":{},"s":{"0":1,"1":1,"2":1},"f":{"0":1},"b":{},"_coverageSchema":"332fd63041d2c1bcb487cc26dd0d5f7d97098a6c","hash":"bedb6c05661976886d56b4d879839a986242367e"}
,"/Users/maciejwojslaw/Documents/Projects/jest-api-testing/src/components/user/userDAL.js": {"path":"/Users/maciejwojslaw/Documents/Projects/jest-api-testing/src/components/user/userDAL.js","statementMap":{"0":{"start":{"line":1,"column":20},"end":{"line":1,"column":74}},"1":{"start":{"line":1,"column":32},"end":{"line":1,"column":74}},"2":{"start":{"line":3,"column":0},"end":{"line":5,"column":2}}},"fnMap":{"0":{"name":"(anonymous_0)","decl":{"start":{"line":1,"column":20},"end":{"line":1,"column":21}},"loc":{"start":{"line":1,"column":32},"end":{"line":1,"column":74}},"line":1}},"branchMap":{},"s":{"0":1,"1":2,"2":1},"f":{"0":2},"b":{},"_coverageSchema":"332fd63041d2c1bcb487cc26dd0d5f7d97098a6c","hash":"bbbce40d4a7f359d1a267702d93733c3a7542962"}
,"/Users/maciejwojslaw/Documents/Projects/jest-api-testing/src/utils/asyncMiddleware.js": {"path":"/Users/maciejwojslaw/Documents/Projects/jest-api-testing/src/utils/asyncMiddleware.js","statementMap":{"0":{"start":{"line":1,"column":24},"end":{"line":3,"column":1}},"1":{"start":{"line":1,"column":30},"end":{"line":3,"column":1}},"2":{"start":{"line":2,"column":2},"end":{"line":2,"column":50}},"3":{"start":{"line":5,"column":0},"end":{"line":5,"column":33}}},"fnMap":{"0":{"name":"(anonymous_0)","decl":{"start":{"line":1,"column":24},"end":{"line":1,"column":25}},"loc":{"start":{"line":1,"column":30},"end":{"line":3,"column":1}},"line":1},"1":{"name":"(anonymous_1)","decl":{"start":{"line":1,"column":30},"end":{"line":1,"column":31}},"loc":{"start":{"line":1,"column":50},"end":{"line":3,"column":1}},"line":1}},"branchMap":{},"s":{"0":1,"1":2,"2":1,"3":1},"f":{"0":2,"1":1},"b":{},"_coverageSchema":"332fd63041d2c1bcb487cc26dd0d5f7d97098a6c","hash":"aba32c595d0c86f6a7b76d7305747358a78ece27"}
,"/Users/maciejwojslaw/Documents/Projects/jest-api-testing/src/utils/authentication.js": {"path":"/Users/maciejwojslaw/Documents/Projects/jest-api-testing/src/utils/authentication.js","statementMap":{"0":{"start":{"line":1,"column":12},"end":{"line":1,"column":33}},"1":{"start":{"line":2,"column":17},"end":{"line":2,"column":36}},"2":{"start":{"line":4,"column":24},"end":{"line":5,"column":54}},"3":{"start":{"line":5,"column":2},"end":{"line":5,"column":54}},"4":{"start":{"line":7,"column":20},"end":{"line":7,"column":68}},"5":{"start":{"line":9,"column":0},"end":{"line":12,"column":2}}},"fnMap":{"0":{"name":"(anonymous_0)","decl":{"start":{"line":4,"column":24},"end":{"line":4,"column":25}},"loc":{"start":{"line":5,"column":2},"end":{"line":5,"column":54}},"line":5}},"branchMap":{},"s":{"0":1,"1":1,"2":1,"3":1,"4":1,"5":1},"f":{"0":1},"b":{},"_coverageSchema":"332fd63041d2c1bcb487cc26dd0d5f7d97098a6c","hash":"5e6b06086d8147614cf74182084ea428ceb96f88"}
,"/Users/maciejwojslaw/Documents/Projects/jest-api-testing/src/utils/mock.js": {"path":"/Users/maciejwojslaw/Documents/Projects/jest-api-testing/src/utils/mock.js","statementMap":{"0":{"start":{"line":1,"column":24},"end":{"line":1,"column":42}},"1":{"start":{"line":3,"column":27},"end":{"line":6,"column":1}},"2":{"start":{"line":4,"column":21},"end":{"line":4,"column":68}},"3":{"start":{"line":5,"column":2},"end":{"line":5,"column":20}},"4":{"start":{"line":8,"column":18},"end":{"line":11,"column":1}},"5":{"start":{"line":9,"column":13},"end":{"line":9,"column":58}},"6":{"start":{"line":10,"column":2},"end":{"line":10,"column":12}},"7":{"start":{"line":13,"column":0},"end":{"line":16,"column":2}}},"fnMap":{"0":{"name":"(anonymous_0)","decl":{"start":{"line":3,"column":27},"end":{"line":3,"column":28}},"loc":{"start":{"line":3,"column":39},"end":{"line":6,"column":1}},"line":3},"1":{"name":"(anonymous_1)","decl":{"start":{"line":8,"column":18},"end":{"line":8,"column":19}},"loc":{"start":{"line":8,"column":38},"end":{"line":11,"column":1}},"line":8}},"branchMap":{},"s":{"0":1,"1":1,"2":1,"3":1,"4":1,"5":1,"6":1,"7":1},"f":{"0":1,"1":1},"b":{},"_coverageSchema":"332fd63041d2c1bcb487cc26dd0d5f7d97098a6c","hash":"cc2008f237d1e3775cad219fb109c9fcc735f6ed"}
,"/Users/maciejwojslaw/Documents/Projects/jest-api-testing/src/utils/seed.js": {"path":"/Users/maciejwojslaw/Documents/Projects/jest-api-testing/src/utils/seed.js","statementMap":{"0":{"start":{"line":1,"column":19},"end":{"line":11,"column":4}},"1":{"start":{"line":2,"column":2},"end":{"line":11,"column":4}},"2":{"start":{"line":13,"column":18},"end":{"line":20,"column":4}},"3":{"start":{"line":14,"column":2},"end":{"line":20,"column":4}},"4":{"start":{"line":22,"column":13},"end":{"line":25,"column":1}},"5":{"start":{"line":23,"column":2},"end":{"line":23,"column":17}},"6":{"start":{"line":24,"column":2},"end":{"line":24,"column":16}},"7":{"start":{"line":27,"column":0},"end":{"line":27,"column":22}}},"fnMap":{"0":{"name":"(anonymous_0)","decl":{"start":{"line":1,"column":19},"end":{"line":1,"column":20}},"loc":{"start":{"line":2,"column":2},"end":{"line":11,"column":4}},"line":2},"1":{"name":"(anonymous_1)","decl":{"start":{"line":13,"column":18},"end":{"line":13,"column":19}},"loc":{"start":{"line":14,"column":2},"end":{"line":20,"column":4}},"line":14},"2":{"name":"(anonymous_2)","decl":{"start":{"line":22,"column":13},"end":{"line":22,"column":14}},"loc":{"start":{"line":22,"column":19},"end":{"line":25,"column":1}},"line":22}},"branchMap":{},"s":{"0":1,"1":1,"2":1,"3":1,"4":1,"5":1,"6":1,"7":1},"f":{"0":1,"1":1,"2":1},"b":{},"_coverageSchema":"332fd63041d2c1bcb487cc26dd0d5f7d97098a6c","hash":"43e16071cd8052a014630c7c77d5fc0839049c7e"}
}
