TN:
SF:/Users/maciejwojslaw/Documents/Projects/jest-api-testing/server.js
FN:5,(anonymous_0)
FN:10,(anonymous_1)
FNF:2
FNH:1
FNDA:1,(anonymous_0)
FNDA:0,(anonymous_1)
DA:1,1
DA:2,1
DA:3,1
DA:5,1
DA:6,1
DA:8,1
DA:10,1
DA:11,0
DA:16,1
DA:19,1
LF:10
LH:9
BRF:0
BRH:0
end_of_record
TN:
SF:/Users/maciejwojslaw/Documents/Projects/jest-api-testing/src/components/movie/index.js
FNF:0
FNH:0
DA:1,1
DA:3,1
LF:2
LH:2
BRF:0
BRH:0
end_of_record
TN:
SF:/Users/maciejwojslaw/Documents/Projects/jest-api-testing/src/components/movie/movieController.js
FN:3,(anonymous_0)
FN:3,(anonymous_1)
FNF:2
FNH:2
FNDA:1,(anonymous_0)
FNDA:1,(anonymous_1)
DA:1,1
DA:3,1
DA:4,1
DA:5,1
DA:10,1
LF:5
LH:5
BRF:0
BRH:0
end_of_record
TN:
SF:/Users/maciejwojslaw/Documents/Projects/jest-api-testing/src/components/movie/movieDAL.js
FN:1,(anonymous_0)
FNF:1
FNH:1
FNDA:1,(anonymous_0)
DA:1,1
DA:2,1
DA:7,1
LF:3
LH:3
BRF:0
BRH:0
end_of_record
TN:
SF:/Users/maciejwojslaw/Documents/Projects/jest-api-testing/src/utils/asyncMiddleware.js
FN:1,(anonymous_0)
FN:1,(anonymous_1)
FNF:2
FNH:2
FNDA:1,(anonymous_0)
FNDA:1,(anonymous_1)
DA:1,1
DA:2,1
DA:5,1
LF:3
LH:3
BRF:0
BRH:0
end_of_record
TN:
SF:/Users/maciejwojslaw/Documents/Projects/jest-api-testing/src/utils/mock.js
FN:3,(anonymous_0)
FN:8,(anonymous_1)
FNF:2
FNH:2
FNDA:1,(anonymous_0)
FNDA:1,(anonymous_1)
DA:1,1
DA:3,1
DA:4,1
DA:5,1
DA:8,1
DA:9,1
DA:10,1
DA:13,1
LF:8
LH:8
BRF:0
BRH:0
end_of_record
TN:
SF:/Users/maciejwojslaw/Documents/Projects/jest-api-testing/src/utils/seed.js
FN:1,(anonymous_0)
FN:13,(anonymous_1)
FNF:2
FNH:2
FNDA:1,(anonymous_0)
FNDA:1,(anonymous_1)
DA:1,1
DA:2,1
DA:13,1
DA:14,1
DA:17,1
LF:5
LH:5
BRF:0
BRH:0
end_of_record
