TN:
SF:/Users/maciejwojslaw/Documents/Projects/jest-api-testing/server.js
FN:11,(anonymous_0)
FN:20,(anonymous_1)
FN:43,(anonymous_2)
FNF:3
FNH:3
FNDA:4,(anonymous_0)
FNDA:3,(anonymous_1)
FNDA:1,(anonymous_2)
DA:1,1
DA:2,1
DA:3,1
DA:4,1
DA:5,1
DA:6,1
DA:7,1
DA:8,1
DA:9,1
DA:11,1
DA:12,4
DA:14,4
DA:19,4
DA:21,3
DA:23,3
DA:25,3
DA:29,4
DA:31,4
DA:37,4
DA:43,4
DA:44,1
DA:49,4
DA:52,1
LF:23
LH:23
BRDA:23,0,0,0
BRDA:23,0,1,3
BRF:2
BRH:1
end_of_record
TN:
SF:/Users/maciejwojslaw/Documents/Projects/jest-api-testing/src/components/movie/index.js
FNF:0
FNH:0
DA:1,1
DA:3,1
LF:2
LH:2
BRF:0
BRH:0
end_of_record
TN:
SF:/Users/maciejwojslaw/Documents/Projects/jest-api-testing/src/components/movie/movieController.js
FN:3,(anonymous_0)
FN:3,(anonymous_1)
FN:10,(anonymous_2)
FN:10,(anonymous_3)
FNF:4
FNH:4
FNDA:4,(anonymous_0)
FNDA:1,(anonymous_1)
FNDA:4,(anonymous_2)
FNDA:2,(anonymous_3)
DA:1,1
DA:3,4
DA:4,1
DA:5,1
DA:10,4
DA:11,2
DA:13,2
DA:15,1
DA:17,1
DA:22,1
LF:10
LH:10
BRDA:13,0,0,1
BRDA:13,0,1,1
BRDA:13,1,0,2
BRDA:13,1,1,1
BRF:4
BRH:4
end_of_record
TN:
SF:/Users/maciejwojslaw/Documents/Projects/jest-api-testing/src/components/movie/movieDAL.js
FN:1,(anonymous_0)
FN:7,(anonymous_1)
FNF:2
FNH:2
FNDA:1,(anonymous_0)
FNDA:1,(anonymous_1)
DA:1,1
DA:2,1
DA:7,1
DA:8,1
DA:13,1
LF:5
LH:5
BRF:0
BRH:0
end_of_record
TN:
SF:/Users/maciejwojslaw/Documents/Projects/jest-api-testing/src/components/user/userDAL.js
FN:1,(anonymous_0)
FNF:1
FNH:1
FNDA:6,(anonymous_0)
DA:1,6
DA:3,1
LF:2
LH:2
BRF:0
BRH:0
end_of_record
TN:
SF:/Users/maciejwojslaw/Documents/Projects/jest-api-testing/src/utils/asyncMiddleware.js
FN:1,(anonymous_0)
FN:1,(anonymous_1)
FNF:2
FNH:2
FNDA:8,(anonymous_0)
FNDA:3,(anonymous_1)
DA:1,8
DA:2,3
DA:5,1
LF:3
LH:3
BRF:0
BRH:0
end_of_record
TN:
SF:/Users/maciejwojslaw/Documents/Projects/jest-api-testing/src/utils/authentication.js
FN:4,(anonymous_0)
FNF:1
FNH:1
FNDA:3,(anonymous_0)
DA:1,1
DA:2,1
DA:4,1
DA:5,3
DA:7,1
DA:9,1
LF:6
LH:6
BRF:0
BRH:0
end_of_record
TN:
SF:/Users/maciejwojslaw/Documents/Projects/jest-api-testing/src/utils/mock.js
FN:3,(anonymous_0)
FN:8,(anonymous_1)
FNF:2
FNH:2
FNDA:1,(anonymous_0)
FNDA:1,(anonymous_1)
DA:1,1
DA:3,1
DA:4,1
DA:5,1
DA:8,1
DA:9,1
DA:10,1
DA:13,1
LF:8
LH:8
BRF:0
BRH:0
end_of_record
TN:
SF:/Users/maciejwojslaw/Documents/Projects/jest-api-testing/src/utils/seed.js
FN:1,(anonymous_0)
FN:13,(anonymous_1)
FN:22,(anonymous_2)
FNF:3
FNH:3
FNDA:1,(anonymous_0)
FNDA:1,(anonymous_1)
FNDA:1,(anonymous_2)
DA:1,1
DA:2,1
DA:13,1
DA:14,1
DA:22,1
DA:23,1
DA:24,1
DA:27,1
LF:8
LH:8
BRF:0
BRH:0
end_of_record
